<?xml version="1.0" encoding="UTF-8"?>
<!-- Generated by org.testng.reporters.JUnitXMLReporter -->
<testsuite ignored="0" hostname="Dinesh" failures="0" tests="4" name="Default test" time="20.96" errors="0" timestamp="2022-10-18T20:42:15 IST">
  <testcase classname="Testing.App.NewTestchrome" name="testinguser" time="1.62"/>
  <testcase classname="Testing.App.NewTestchrome" name="testingadmin" time="1.619"/>
  <testcase classname="Testing.App.NewTestchrome" name="usersignin" time="2.374"/>
  <testcase classname="Testing.App.NewTestchrome" name="adminsignin" time="2.386"/>
</testsuite> <!-- Default test -->
